# JRE version: OpenJDK Runtime Environment (7.0_111-b01) (build 1.7.0_111-b01)
# Java VM: OpenJDK 64-Bit Server VM (24.111-b01 mixed mode linux-amd64 compressed oops)
Heap
 def new generation   total 141376K, used 5444K [0x00000000c5a00000, 0x00000000cf360000, 0x00000000d5a00000)
  eden space 125696K,   4% used [0x00000000c5a00000, 0x00000000c5f51130, 0x00000000cd4c0000)
  from space 15680K,   0% used [0x00000000cd4c0000, 0x00000000cd4c0000, 0x00000000ce410000)
  to   space 15680K,   0% used [0x00000000ce410000, 0x00000000ce410000, 0x00000000cf360000)
 tenured generation   total 320040K, used 320039K [0x00000000d5a00000, 0x00000000e928a000, 0x00000000f5a00000)
   the space 320040K,  99% used [0x00000000d5a00000, 0x00000000e9289fa8, 0x00000000e928a000, 0x00000000e928a000)
 compacting perm gen  total 21248K, used 4177K [0x00000000f5a00000, 0x00000000f6ec0000, 0x0000000100000000)
   the space 21248K,  19% used [0x00000000f5a00000, 0x00000000f5e147d8, 0x00000000f5e14800, 0x00000000f6ec0000)
GC Heap History (10 events):
Event: 6.231 GC heap after
Heap after GC invocations=50 (full 5):
 def new generation   total 141376K, used 14146K [0x00000000c5a00000, 0x00000000cf360000, 0x00000000d5a00000)
  eden space 125696K,   0% used [0x00000000c5a00000, 0x00000000c5a00000, 0x00000000cd4c0000)
  from space 15680K,  90% used [0x00000000ce410000, 0x00000000cf1e0ae0, 0x00000000cf360000)
  to   space 15680K,   0% used [0x00000000cd4c0000, 0x00000000cd4c0000, 0x00000000ce410000)
 tenured generation   total 314088K, used 250068K [0x00000000d5a00000, 0x00000000e8cba000, 0x00000000f5a00000)
   the space 314088K,  79% used [0x00000000d5a00000, 0x00000000e4e35080, 0x00000000e4e35200, 0x00000000e8cba000)
 compacting perm gen  total 21248K, used 3763K [0x00000000f5a00000, 0x00000000f6ec0000, 0x0000000100000000)
   the space 21248K,  17% used [0x00000000f5a00000, 0x00000000f5dacc00, 0x00000000f5dacc00, 0x00000000f6ec0000)
No shared spaces configured.
}
Event: 6.288 GC heap before
{Heap before GC invocations=50 (full 5):
 def new generation   total 141376K, used 139842K [0x00000000c5a00000, 0x00000000cf360000, 0x00000000d5a00000)
  eden space 125696K, 100% used [0x00000000c5a00000, 0x00000000cd4c0000, 0x00000000cd4c0000)
  from space 15680K,  90% used [0x00000000ce410000, 0x00000000cf1e0ae0, 0x00000000cf360000)
  to   space 15680K,   0% used [0x00000000cd4c0000, 0x00000000cd4c0000, 0x00000000ce410000)
 tenured generation   total 314088K, used 250068K [0x00000000d5a00000, 0x00000000e8cba000, 0x00000000f5a00000)
   the space 314088K,  79% used [0x00000000d5a00000, 0x00000000e4e35080, 0x00000000e4e35200, 0x00000000e8cba000)
 compacting perm gen  total 21248K, used 3763K [0x00000000f5a00000, 0x00000000f6ec0000, 0x0000000100000000)
   the space 21248K,  17% used [0x00000000f5a00000, 0x00000000f5dacc00, 0x00000000f5dacc00, 0x00000000f6ec0000)
No shared spaces configured.
Event: 6.341 GC heap after
Heap after GC invocations=51 (full 5):
 def new generation   total 141376K, used 14223K [0x00000000c5a00000, 0x00000000cf360000, 0x00000000d5a00000)
  eden space 125696K,   0% used [0x00000000c5a00000, 0x00000000c5a00000, 0x00000000cd4c0000)
  from space 15680K,  90% used [0x00000000cd4c0000, 0x00000000ce2a3f00, 0x00000000ce410000)
  to   space 15680K,   0% used [0x00000000ce410000, 0x00000000ce410000, 0x00000000cf360000)
 tenured generation   total 314088K, used 264214K [0x00000000d5a00000, 0x00000000e8cba000, 0x00000000f5a00000)
   the space 314088K,  84% used [0x00000000d5a00000, 0x00000000e5c05a30, 0x00000000e5c05c00, 0x00000000e8cba000)
 compacting perm gen  total 21248K, used 3763K [0x00000000f5a00000, 0x00000000f6ec0000, 0x0000000100000000)
   the space 21248K,  17% used [0x00000000f5a00000, 0x00000000f5dacc00, 0x00000000f5dacc00, 0x00000000f6ec0000)
No shared spaces configured.
}
Event: 6.389 GC heap before
{Heap before GC invocations=51 (full 5):
 def new generation   total 141376K, used 139919K [0x00000000c5a00000, 0x00000000cf360000, 0x00000000d5a00000)
  eden space 125696K, 100% used [0x00000000c5a00000, 0x00000000cd4c0000, 0x00000000cd4c0000)
  from space 15680K,  90% used [0x00000000cd4c0000, 0x00000000ce2a3f00, 0x00000000ce410000)
  to   space 15680K,   0% used [0x00000000ce410000, 0x00000000ce410000, 0x00000000cf360000)
 tenured generation   total 314088K, used 264214K [0x00000000d5a00000, 0x00000000e8cba000, 0x00000000f5a00000)
   the space 314088K,  84% used [0x00000000d5a00000, 0x00000000e5c05a30, 0x00000000e5c05c00, 0x00000000e8cba000)
 compacting perm gen  total 21248K, used 3763K [0x00000000f5a00000, 0x00000000f6ec0000, 0x0000000100000000)
   the space 21248K,  17% used [0x00000000f5a00000, 0x00000000f5dacc00, 0x00000000f5dacc00, 0x00000000f6ec0000)
No shared spaces configured.
Event: 6.434 GC heap after
Heap after GC invocations=52 (full 5):
 def new generation   total 141376K, used 13824K [0x00000000c5a00000, 0x00000000cf360000, 0x00000000d5a00000)
  eden space 125696K,   0% used [0x00000000c5a00000, 0x00000000c5a00000, 0x00000000cd4c0000)
  from space 15680K,  88% used [0x00000000ce410000, 0x00000000cf190090, 0x00000000cf360000)
  to   space 15680K,   0% used [0x00000000cd4c0000, 0x00000000cd4c0000, 0x00000000ce410000)
 tenured generation   total 314088K, used 278438K [0x00000000d5a00000, 0x00000000e8cba000, 0x00000000f5a00000)
   the space 314088K,  88% used [0x00000000d5a00000, 0x00000000e69e98f8, 0x00000000e69e9a00, 0x00000000e8cba000)
 compacting perm gen  total 21248K, used 3763K [0x00000000f5a00000, 0x00000000f6ec0000, 0x0000000100000000)
   the space 21248K,  17% used [0x00000000f5a00000, 0x00000000f5dacc00, 0x00000000f5dacc00, 0x00000000f6ec0000)
No shared spaces configured.
}
Event: 6.483 GC heap before
{Heap before GC invocations=52 (full 5):
 def new generation   total 141376K, used 139520K [0x00000000c5a00000, 0x00000000cf360000, 0x00000000d5a00000)
  eden space 125696K, 100% used [0x00000000c5a00000, 0x00000000cd4c0000, 0x00000000cd4c0000)
  from space 15680K,  88% used [0x00000000ce410000, 0x00000000cf190090, 0x00000000cf360000)
  to   space 15680K,   0% used [0x00000000cd4c0000, 0x00000000cd4c0000, 0x00000000ce410000)
 tenured generation   total 314088K, used 278438K [0x00000000d5a00000, 0x00000000e8cba000, 0x00000000f5a00000)
   the space 314088K,  88% used [0x00000000d5a00000, 0x00000000e69e98f8, 0x00000000e69e9a00, 0x00000000e8cba000)
 compacting perm gen  total 21248K, used 3763K [0x00000000f5a00000, 0x00000000f6ec0000, 0x0000000100000000)
   the space 21248K,  17% used [0x00000000f5a00000, 0x00000000f5dacc00, 0x00000000f5dacc00, 0x00000000f6ec0000)
No shared spaces configured.
Event: 6.531 GC heap after
Heap after GC invocations=53 (full 5):
 def new generation   total 141376K, used 13960K [0x00000000c5a00000, 0x00000000cf360000, 0x00000000d5a00000)
  eden space 125696K,   0% used [0x00000000c5a00000, 0x00000000c5a00000, 0x00000000cd4c0000)
  from space 15680K,  89% used [0x00000000cd4c0000, 0x00000000ce262360, 0x00000000ce410000)
  to   space 15680K,   0% used [0x00000000ce410000, 0x00000000ce410000, 0x00000000cf360000)
 tenured generation   total 314088K, used 292262K [0x00000000d5a00000, 0x00000000e8cba000, 0x00000000f5a00000)
   the space 314088K,  93% used [0x00000000d5a00000, 0x00000000e7769810, 0x00000000e7769a00, 0x00000000e8cba000)
 compacting perm gen  total 21248K, used 3763K [0x00000000f5a00000, 0x00000000f6ec0000, 0x0000000100000000)
   the space 21248K,  17% used [0x00000000f5a00000, 0x00000000f5dacc00, 0x00000000f5dacc00, 0x00000000f6ec0000)
No shared spaces configured.
}
Event: 6.712 GC heap before
{Heap before GC invocations=53 (full 5):
 def new generation   total 141376K, used 139656K [0x00000000c5a00000, 0x00000000cf360000, 0x00000000d5a00000)
  eden space 125696K, 100% used [0x00000000c5a00000, 0x00000000cd4c0000, 0x00000000cd4c0000)
  from space 15680K,  89% used [0x00000000cd4c0000, 0x00000000ce262360, 0x00000000ce410000)
  to   space 15680K,   0% used [0x00000000ce410000, 0x00000000ce410000, 0x00000000cf360000)
 tenured generation   total 314088K, used 292262K [0x00000000d5a00000, 0x00000000e8cba000, 0x00000000f5a00000)
   the space 314088K,  93% used [0x00000000d5a00000, 0x00000000e7769810, 0x00000000e7769a00, 0x00000000e8cba000)
 compacting perm gen  total 21248K, used 3763K [0x00000000f5a00000, 0x00000000f6ec0000, 0x0000000100000000)
   the space 21248K,  17% used [0x00000000f5a00000, 0x00000000f5dacf60, 0x00000000f5dad000, 0x00000000f6ec0000)
No shared spaces configured.
Event: 6.773 GC heap after
Heap after GC invocations=54 (full 5):
 def new generation   total 141376K, used 13672K [0x00000000c5a00000, 0x00000000cf360000, 0x00000000d5a00000)
  eden space 125696K,   0% used [0x00000000c5a00000, 0x00000000c5a00000, 0x00000000cd4c0000)
  from space 15680K,  87% used [0x00000000ce410000, 0x00000000cf16a3d8, 0x00000000cf360000)
  to   space 15680K,   0% used [0x00000000cd4c0000, 0x00000000cd4c0000, 0x00000000ce410000)
 tenured generation   total 314088K, used 306222K [0x00000000d5a00000, 0x00000000e8cba000, 0x00000000f5a00000)
   the space 314088K,  97% used [0x00000000d5a00000, 0x00000000e850ba70, 0x00000000e850bc00, 0x00000000e8cba000)
 compacting perm gen  total 21248K, used 3763K [0x00000000f5a00000, 0x00000000f6ec0000, 0x0000000100000000)
   the space 21248K,  17% used [0x00000000f5a00000, 0x00000000f5dacf60, 0x00000000f5dad000, 0x00000000f6ec0000)
No shared spaces configured.
}
Event: 7.749 GC heap before
{Heap before GC invocations=54 (full 5):
 def new generation   total 141376K, used 139368K [0x00000000c5a00000, 0x00000000cf360000, 0x00000000d5a00000)
  eden space 125696K, 100% used [0x00000000c5a00000, 0x00000000cd4c0000, 0x00000000cd4c0000)
  from space 15680K,  87% used [0x00000000ce410000, 0x00000000cf16a3d8, 0x00000000cf360000)
  to   space 15680K,   0% used [0x00000000cd4c0000, 0x00000000cd4c0000, 0x00000000ce410000)
 tenured generation   total 314088K, used 306222K [0x00000000d5a00000, 0x00000000e8cba000, 0x00000000f5a00000)
   the space 314088K,  97% used [0x00000000d5a00000, 0x00000000e850ba70, 0x00000000e850bc00, 0x00000000e8cba000)
 compacting perm gen  total 21248K, used 4177K [0x00000000f5a00000, 0x00000000f6ec0000, 0x0000000100000000)
   the space 21248K,  19% used [0x00000000f5a00000, 0x00000000f5e147d8, 0x00000000f5e14800, 0x00000000f6ec0000)
No shared spaces configured.

